<?xml version="1.0" encoding="UTF-8"?>
<coverage generated="1511917659575" clover="3.2.0">
  <project timestamp="1511917659575" name="All files">
    <metrics statements="89" coveredstatements="78" conditionals="28" coveredconditionals="21" methods="14" coveredmethods="13" elements="131" coveredelements="112" complexity="0" loc="89" ncloc="89" packages="1" files="3" classes="3">
      <file name="get-id.js" path="/Users/mitchellhamilton/Projects/unique-class.macro/src/get-id.js">
        <metrics statements="34" coveredstatements="31" conditionals="14" coveredconditionals="11" methods="4" coveredmethods="4"/>
        <line num="8" count="1" type="stmt"/>
        <line num="9" count="6" type="cond" truecount="3" falsecount="1"/>
        <line num="10" count="0" type="stmt"/>
        <line num="12" count="6" type="stmt"/>
        <line num="13" count="6" type="cond" truecount="2" falsecount="0"/>
        <line num="14" count="3" type="stmt"/>
        <line num="15" count="3" type="cond" truecount="1" falsecount="1"/>
        <line num="16" count="3" type="stmt"/>
        <line num="18" count="0" type="stmt"/>
        <line num="22" count="1" type="stmt"/>
        <line num="23" count="1" type="stmt"/>
        <line num="25" count="1" type="stmt"/>
        <line num="26" count="3" type="stmt"/>
        <line num="28" count="3" type="cond" truecount="1" falsecount="1"/>
        <line num="29" count="0" type="stmt"/>
        <line num="31" count="3" type="stmt"/>
        <line num="32" count="3" type="stmt"/>
        <line num="34" count="3" type="stmt"/>
        <line num="35" count="3" type="stmt"/>
        <line num="36" count="3" type="stmt"/>
        <line num="37" count="3" type="stmt"/>
        <line num="38" count="3" type="stmt"/>
        <line num="39" count="3" type="stmt"/>
        <line num="42" count="3" type="stmt"/>
        <line num="45" count="3" type="stmt"/>
        <line num="47" count="3" type="stmt"/>
        <line num="48" count="3" type="stmt"/>
        <line num="49" count="3" type="stmt"/>
        <line num="52" count="1" type="stmt"/>
        <line num="53" count="3" type="cond" truecount="2" falsecount="0"/>
        <line num="54" count="3" type="stmt"/>
        <line num="55" count="3" type="stmt"/>
        <line num="58" count="1" type="stmt"/>
        <line num="59" count="3" type="stmt"/>
      </file>
      <file name="hash.js" path="/Users/mitchellhamilton/Projects/unique-class.macro/src/hash.js">
        <metrics statements="38" coveredstatements="34" conditionals="3" coveredconditionals="2" methods="5" coveredmethods="5"/>
        <line num="4" count="3" type="stmt"/>
        <line num="8" count="3" type="stmt"/>
        <line num="9" count="3" type="stmt"/>
        <line num="10" count="3" type="stmt"/>
        <line num="11" count="3" type="stmt"/>
        <line num="12" count="3" type="stmt"/>
        <line num="14" count="3" type="stmt"/>
        <line num="15" count="77" type="stmt"/>
        <line num="17" count="77" type="stmt"/>
        <line num="18" count="77" type="stmt"/>
        <line num="19" count="77" type="stmt"/>
        <line num="21" count="77" type="stmt"/>
        <line num="22" count="77" type="stmt"/>
        <line num="24" count="77" type="stmt"/>
        <line num="25" count="77" type="stmt"/>
        <line num="28" count="3" type="cond" truecount="2" falsecount="1"/>
        <line num="30" count="0" type="stmt"/>
        <line num="31" count="0" type="stmt"/>
        <line num="32" count="0" type="stmt"/>
        <line num="33" count="0" type="stmt"/>
        <line num="36" count="1" type="stmt"/>
        <line num="37" count="1" type="stmt"/>
        <line num="38" count="1" type="stmt"/>
        <line num="41" count="2" type="stmt"/>
        <line num="42" count="2" type="stmt"/>
        <line num="43" count="2" type="stmt"/>
        <line num="46" count="3" type="stmt"/>
        <line num="47" count="3" type="stmt"/>
        <line num="48" count="3" type="stmt"/>
        <line num="50" count="3" type="stmt"/>
        <line num="54" count="77" type="stmt"/>
        <line num="63" count="1" type="stmt"/>
        <line num="67" count="237" type="stmt"/>
        <line num="68" count="237" type="stmt"/>
        <line num="69" count="237" type="stmt"/>
        <line num="70" count="237" type="stmt"/>
        <line num="71" count="237" type="stmt"/>
        <line num="72" count="237" type="stmt"/>
      </file>
      <file name="index.js" path="/Users/mitchellhamilton/Projects/unique-class.macro/src/index.js">
        <metrics statements="17" coveredstatements="13" conditionals="11" coveredconditionals="8" methods="5" coveredmethods="4"/>
        <line num="4" count="1" type="stmt"/>
        <line num="6" count="1" type="stmt"/>
        <line num="8" count="3" type="stmt"/>
        <line num="9" count="3" type="stmt"/>
        <line num="10" count="3" type="stmt"/>
        <line num="11" count="3" type="cond" truecount="1" falsecount="1"/>
        <line num="12" count="3" type="stmt"/>
        <line num="13" count="3" type="cond" truecount="1" falsecount="1"/>
        <line num="14" count="3" type="cond" truecount="2" falsecount="0"/>
        <line num="15" count="1" type="cond" truecount="1" falsecount="1"/>
        <line num="16" count="1" type="stmt"/>
        <line num="24" count="0" type="stmt"/>
        <line num="29" count="2" type="stmt"/>
        <line num="34" count="0" type="stmt"/>
        <line num="38" count="0" type="stmt"/>
        <line num="39" count="0" type="stmt"/>
        <line num="43" count="3" type="stmt"/>
      </file>
    </metrics>
  </project>
</coverage>
