{"/Users/mitchellhamilton/Projects/unique-class.macro/src/get-id.js": {"path":"/Users/mitchellhamilton/Projects/unique-class.macro/src/get-id.js","statementMap":{"0":{"start":{"line":8,"column":23},"end":{"line":20,"column":1}},"1":{"start":{"line":9,"column":2},"end":{"line":11,"column":3}},"2":{"start":{"line":10,"column":4},"end":{"line":10,"column":15}},"3":{"start":{"line":12,"column":12},"end":{"line":12,"column":34}},"4":{"start":{"line":13,"column":2},"end":{"line":19,"column":3}},"5":{"start":{"line":14,"column":4},"end":{"line":14,"column":14}},"6":{"start":{"line":15,"column":9},"end":{"line":19,"column":3}},"7":{"start":{"line":16,"column":4},"end":{"line":16,"column":30}},"8":{"start":{"line":18,"column":4},"end":{"line":18,"column":15}},"9":{"start":{"line":22,"column":18},"end":{"line":22,"column":42}},"10":{"start":{"line":23,"column":22},"end":{"line":23,"column":45}},"11":{"start":{"line":25,"column":18},"end":{"line":50,"column":1}},"12":{"start":{"line":26,"column":19},"end":{"line":26,"column":24}},"13":{"start":{"line":28,"column":2},"end":{"line":30,"column":3}},"14":{"start":{"line":29,"column":4},"end":{"line":29,"column":30}},"15":{"start":{"line":31,"column":19},"end":{"line":31,"column":37}},"16":{"start":{"line":32,"column":2},"end":{"line":32,"column":23}},"17":{"start":{"line":34,"column":19},"end":{"line":34,"column":21}},"18":{"start":{"line":35,"column":17},"end":{"line":35,"column":19}},"19":{"start":{"line":36,"column":19},"end":{"line":36,"column":21}},"20":{"start":{"line":37,"column":2},"end":{"line":43,"column":16}},"21":{"start":{"line":38,"column":4},"end":{"line":38,"column":41}},"22":{"start":{"line":39,"column":4},"end":{"line":40,"column":78}},"23":{"start":{"line":42,"column":4},"end":{"line":42,"column":68}},"24":{"start":{"line":45,"column":15},"end":{"line":45,"column":24}},"25":{"start":{"line":47,"column":19},"end":{"line":47,"column":47}},"26":{"start":{"line":48,"column":2},"end":{"line":48,"column":31}},"27":{"start":{"line":49,"column":2},"end":{"line":49,"column":17}},"28":{"start":{"line":52,"column":18},"end":{"line":56,"column":1}},"29":{"start":{"line":53,"column":13},"end":{"line":53,"column":47}},"30":{"start":{"line":54,"column":2},"end":{"line":54,"column":39}},"31":{"start":{"line":55,"column":2},"end":{"line":55,"column":11}},"32":{"start":{"line":58,"column":14},"end":{"line":60,"column":1}},"33":{"start":{"line":59,"column":2},"end":{"line":59,"column":56}}},"fnMap":{"0":{"name":"(anonymous_0)","decl":{"start":{"line":8,"column":23},"end":{"line":8,"column":24}},"loc":{"start":{"line":8,"column":35},"end":{"line":20,"column":1}},"line":8},"1":{"name":"(anonymous_1)","decl":{"start":{"line":25,"column":18},"end":{"line":25,"column":19}},"loc":{"start":{"line":25,"column":27},"end":{"line":50,"column":1}},"line":25},"2":{"name":"(anonymous_2)","decl":{"start":{"line":52,"column":18},"end":{"line":52,"column":19}},"loc":{"start":{"line":52,"column":27},"end":{"line":56,"column":1}},"line":52},"3":{"name":"(anonymous_3)","decl":{"start":{"line":58,"column":14},"end":{"line":58,"column":15}},"loc":{"start":{"line":58,"column":23},"end":{"line":60,"column":1}},"line":58}},"branchMap":{"0":{"loc":{"start":{"line":9,"column":2},"end":{"line":11,"column":3}},"type":"if","locations":[{"start":{"line":9,"column":2},"end":{"line":11,"column":3}},{"start":{"line":9,"column":2},"end":{"line":11,"column":3}}],"line":9},"1":{"loc":{"start":{"line":9,"column":6},"end":{"line":9,"column":41}},"type":"binary-expr","locations":[{"start":{"line":9,"column":6},"end":{"line":9,"column":15}},{"start":{"line":9,"column":19},"end":{"line":9,"column":41}}],"line":9},"2":{"loc":{"start":{"line":13,"column":2},"end":{"line":19,"column":3}},"type":"if","locations":[{"start":{"line":13,"column":2},"end":{"line":19,"column":3}},{"start":{"line":13,"column":2},"end":{"line":19,"column":3}}],"line":13},"3":{"loc":{"start":{"line":15,"column":9},"end":{"line":19,"column":3}},"type":"if","locations":[{"start":{"line":15,"column":9},"end":{"line":19,"column":3}},{"start":{"line":15,"column":9},"end":{"line":19,"column":3}}],"line":15},"4":{"loc":{"start":{"line":28,"column":2},"end":{"line":30,"column":3}},"type":"if","locations":[{"start":{"line":28,"column":2},"end":{"line":30,"column":3}},{"start":{"line":28,"column":2},"end":{"line":30,"column":3}}],"line":28},"5":{"loc":{"start":{"line":40,"column":6},"end":{"line":40,"column":78}},"type":"binary-expr","locations":[{"start":{"line":40,"column":6},"end":{"line":40,"column":16}},{"start":{"line":40,"column":20},"end":{"line":40,"column":78}}],"line":40},"6":{"loc":{"start":{"line":53,"column":13},"end":{"line":53,"column":47}},"type":"binary-expr","locations":[{"start":{"line":53,"column":13},"end":{"line":53,"column":42}},{"start":{"line":53,"column":46},"end":{"line":53,"column":47}}],"line":53}},"s":{"0":1,"1":6,"2":0,"3":6,"4":6,"5":3,"6":3,"7":3,"8":0,"9":1,"10":1,"11":1,"12":3,"13":3,"14":0,"15":3,"16":3,"17":3,"18":3,"19":3,"20":3,"21":3,"22":3,"23":3,"24":3,"25":3,"26":3,"27":3,"28":1,"29":3,"30":3,"31":3,"32":1,"33":3},"f":{"0":6,"1":3,"2":3,"3":3},"b":{"0":[0,6],"1":[6,6],"2":[3,3],"3":[3,0],"4":[0,3],"5":[3,3],"6":[3,3]},"_coverageSchema":"332fd63041d2c1bcb487cc26dd0d5f7d97098a6c","hash":"c668162d8d3860a5d15e5e23085231ffd8b52217"}
,"/Users/mitchellhamilton/Projects/unique-class.macro/src/hash.js": {"path":"/Users/mitchellhamilton/Projects/unique-class.macro/src/hash.js","statementMap":{"0":{"start":{"line":4,"column":2},"end":{"line":4,"column":43}},"1":{"start":{"line":8,"column":10},"end":{"line":8,"column":20}},"2":{"start":{"line":9,"column":10},"end":{"line":9,"column":12}},"3":{"start":{"line":10,"column":10},"end":{"line":10,"column":27}},"4":{"start":{"line":11,"column":15},"end":{"line":11,"column":25}},"5":{"start":{"line":12,"column":21},"end":{"line":12,"column":22}},"6":{"start":{"line":14,"column":2},"end":{"line":26,"column":3}},"7":{"start":{"line":15,"column":12},"end":{"line":15,"column":37}},"8":{"start":{"line":17,"column":4},"end":{"line":17,"column":20}},"9":{"start":{"line":18,"column":4},"end":{"line":18,"column":16}},"10":{"start":{"line":19,"column":4},"end":{"line":19,"column":20}},"11":{"start":{"line":21,"column":4},"end":{"line":21,"column":20}},"12":{"start":{"line":22,"column":4},"end":{"line":22,"column":10}},"13":{"start":{"line":24,"column":4},"end":{"line":24,"column":21}},"14":{"start":{"line":25,"column":4},"end":{"line":25,"column":15}},"15":{"start":{"line":28,"column":2},"end":{"line":44,"column":3}},"16":{"start":{"line":30,"column":6},"end":{"line":30,"column":36}},"17":{"start":{"line":31,"column":6},"end":{"line":31,"column":49}},"18":{"start":{"line":32,"column":6},"end":{"line":32,"column":22}},"19":{"start":{"line":33,"column":6},"end":{"line":33,"column":11}},"20":{"start":{"line":36,"column":6},"end":{"line":36,"column":36}},"21":{"start":{"line":37,"column":6},"end":{"line":37,"column":22}},"22":{"start":{"line":38,"column":6},"end":{"line":38,"column":11}},"23":{"start":{"line":41,"column":6},"end":{"line":41,"column":39}},"24":{"start":{"line":42,"column":6},"end":{"line":42,"column":22}},"25":{"start":{"line":43,"column":6},"end":{"line":43,"column":11}},"26":{"start":{"line":46,"column":2},"end":{"line":46,"column":15}},"27":{"start":{"line":47,"column":2},"end":{"line":47,"column":18}},"28":{"start":{"line":48,"column":2},"end":{"line":48,"column":15}},"29":{"start":{"line":50,"column":2},"end":{"line":50,"column":16}},"30":{"start":{"line":54,"column":2},"end":{"line":59,"column":3}},"31":{"start":{"line":63,"column":2},"end":{"line":63,"column":61}},"32":{"start":{"line":67,"column":2},"end":{"line":67,"column":11}},"33":{"start":{"line":68,"column":2},"end":{"line":68,"column":11}},"34":{"start":{"line":69,"column":12},"end":{"line":69,"column":22}},"35":{"start":{"line":70,"column":12},"end":{"line":70,"column":20}},"36":{"start":{"line":71,"column":12},"end":{"line":71,"column":56}},"37":{"start":{"line":72,"column":2},"end":{"line":72,"column":12}}},"fnMap":{"0":{"name":"hashString","decl":{"start":{"line":3,"column":24},"end":{"line":3,"column":34}},"loc":{"start":{"line":3,"column":40},"end":{"line":5,"column":1}},"line":3},"1":{"name":"hash","decl":{"start":{"line":7,"column":9},"end":{"line":7,"column":13}},"loc":{"start":{"line":7,"column":25},"end":{"line":51,"column":1}},"line":7},"2":{"name":"UInt32","decl":{"start":{"line":53,"column":9},"end":{"line":53,"column":15}},"loc":{"start":{"line":53,"column":26},"end":{"line":60,"column":1}},"line":53},"3":{"name":"UInt16","decl":{"start":{"line":62,"column":9},"end":{"line":62,"column":15}},"loc":{"start":{"line":62,"column":26},"end":{"line":64,"column":1}},"line":62},"4":{"name":"Umul32","decl":{"start":{"line":66,"column":9},"end":{"line":66,"column":15}},"loc":{"start":{"line":66,"column":22},"end":{"line":73,"column":1}},"line":66}},"branchMap":{"0":{"loc":{"start":{"line":28,"column":2},"end":{"line":44,"column":3}},"type":"switch","locations":[{"start":{"line":29,"column":4},"end":{"line":33,"column":11}},{"start":{"line":35,"column":4},"end":{"line":38,"column":11}},{"start":{"line":40,"column":4},"end":{"line":43,"column":11}}],"line":28}},"s":{"0":3,"1":3,"2":3,"3":3,"4":3,"5":3,"6":3,"7":77,"8":77,"9":77,"10":77,"11":77,"12":77,"13":77,"14":77,"15":3,"16":0,"17":0,"18":0,"19":0,"20":1,"21":1,"22":1,"23":2,"24":2,"25":2,"26":3,"27":3,"28":3,"29":3,"30":77,"31":1,"32":237,"33":237,"34":237,"35":237,"36":237,"37":237},"f":{"0":3,"1":3,"2":77,"3":1,"4":237},"b":{"0":[0,1,2]},"_coverageSchema":"332fd63041d2c1bcb487cc26dd0d5f7d97098a6c","hash":"e54e40f007b3d05a6d462c9f08daae6de9234f49"}
,"/Users/mitchellhamilton/Projects/unique-class.macro/src/index.js": {"path":"/Users/mitchellhamilton/Projects/unique-class.macro/src/index.js","statementMap":{"0":{"start":{"line":4,"column":19},"end":{"line":4,"column":27}},"1":{"start":{"line":6,"column":0},"end":{"line":46,"column":1}},"2":{"start":{"line":8,"column":14},"end":{"line":8,"column":25}},"3":{"start":{"line":9,"column":4},"end":{"line":42,"column":6}},"4":{"start":{"line":10,"column":20},"end":{"line":10,"column":35}},"5":{"start":{"line":11,"column":6},"end":{"line":41,"column":7}},"6":{"start":{"line":12,"column":8},"end":{"line":36,"column":10}},"7":{"start":{"line":13,"column":10},"end":{"line":35,"column":11}},"8":{"start":{"line":14,"column":12},"end":{"line":32,"column":13}},"9":{"start":{"line":15,"column":14},"end":{"line":27,"column":15}},"10":{"start":{"line":16,"column":16},"end":{"line":22,"column":17}},"11":{"start":{"line":24,"column":16},"end":{"line":26,"column":17}},"12":{"start":{"line":29,"column":14},"end":{"line":31,"column":15}},"13":{"start":{"line":34,"column":12},"end":{"line":34,"column":79}},"14":{"start":{"line":38,"column":8},"end":{"line":40,"column":10}},"15":{"start":{"line":39,"column":10},"end":{"line":39,"column":72}},"16":{"start":{"line":43,"column":4},"end":{"line":43,"column":47}}},"fnMap":{"0":{"name":"(anonymous_0)","decl":{"start":{"line":7,"column":2},"end":{"line":7,"column":3}},"loc":{"start":{"line":7,"column":49},"end":{"line":44,"column":3}},"line":7},"1":{"name":"(anonymous_1)","decl":{"start":{"line":9,"column":36},"end":{"line":9,"column":37}},"loc":{"start":{"line":9,"column":43},"end":{"line":42,"column":5}},"line":9},"2":{"name":"(anonymous_2)","decl":{"start":{"line":12,"column":22},"end":{"line":12,"column":23}},"loc":{"start":{"line":12,"column":35},"end":{"line":36,"column":9}},"line":12},"3":{"name":"(anonymous_3)","decl":{"start":{"line":38,"column":22},"end":{"line":38,"column":23}},"loc":{"start":{"line":38,"column":35},"end":{"line":40,"column":9}},"line":38},"4":{"name":"(anonymous_4)","decl":{"start":{"line":43,"column":31},"end":{"line":43,"column":32}},"loc":{"start":{"line":43,"column":44},"end":{"line":43,"column":46}},"line":43}},"branchMap":{"0":{"loc":{"start":{"line":7,"column":31},"end":{"line":7,"column":42}},"type":"default-arg","locations":[{"start":{"line":7,"column":40},"end":{"line":7,"column":42}}],"line":7},"1":{"loc":{"start":{"line":11,"column":6},"end":{"line":41,"column":7}},"type":"if","locations":[{"start":{"line":11,"column":6},"end":{"line":41,"column":7}},{"start":{"line":11,"column":6},"end":{"line":41,"column":7}}],"line":11},"2":{"loc":{"start":{"line":13,"column":10},"end":{"line":35,"column":11}},"type":"if","locations":[{"start":{"line":13,"column":10},"end":{"line":35,"column":11}},{"start":{"line":13,"column":10},"end":{"line":35,"column":11}}],"line":13},"3":{"loc":{"start":{"line":14,"column":12},"end":{"line":32,"column":13}},"type":"if","locations":[{"start":{"line":14,"column":12},"end":{"line":32,"column":13}},{"start":{"line":14,"column":12},"end":{"line":32,"column":13}}],"line":14},"4":{"loc":{"start":{"line":15,"column":14},"end":{"line":27,"column":15}},"type":"if","locations":[{"start":{"line":15,"column":14},"end":{"line":27,"column":15}},{"start":{"line":15,"column":14},"end":{"line":27,"column":15}}],"line":15},"5":{"loc":{"start":{"line":30,"column":35},"end":{"line":30,"column":58}},"type":"binary-expr","locations":[{"start":{"line":30,"column":35},"end":{"line":30,"column":48}},{"start":{"line":30,"column":52},"end":{"line":30,"column":58}}],"line":30}},"s":{"0":1,"1":1,"2":3,"3":3,"4":3,"5":3,"6":3,"7":3,"8":3,"9":1,"10":1,"11":0,"12":2,"13":0,"14":0,"15":0,"16":3},"f":{"0":3,"1":3,"2":3,"3":0,"4":3},"b":{"0":[3],"1":[3,0],"2":[3,0],"3":[1,2],"4":[1,0],"5":[2,2]},"_coverageSchema":"332fd63041d2c1bcb487cc26dd0d5f7d97098a6c","hash":"14f518a48873c79115ac529c4488a446bc67129d"}
}
