TN:
SF:/Users/mitchellhamilton/Projects/unique-class.macro/src/get-id.js
FN:8,(anonymous_0)
FN:25,(anonymous_1)
FN:52,(anonymous_2)
FN:58,(anonymous_3)
FNF:4
FNH:4
FNDA:6,(anonymous_0)
FNDA:3,(anonymous_1)
FNDA:3,(anonymous_2)
FNDA:3,(anonymous_3)
DA:8,1
DA:9,6
DA:10,0
DA:12,6
DA:13,6
DA:14,3
DA:15,3
DA:16,3
DA:18,0
DA:22,1
DA:23,1
DA:25,1
DA:26,3
DA:28,3
DA:29,0
DA:31,3
DA:32,3
DA:34,3
DA:35,3
DA:36,3
DA:37,3
DA:38,3
DA:39,3
DA:42,3
DA:45,3
DA:47,3
DA:48,3
DA:49,3
DA:52,1
DA:53,3
DA:54,3
DA:55,3
DA:58,1
DA:59,3
LF:34
LH:31
BRDA:9,0,0,0
BRDA:9,0,1,6
BRDA:9,1,0,6
BRDA:9,1,1,6
BRDA:13,2,0,3
BRDA:13,2,1,3
BRDA:15,3,0,3
BRDA:15,3,1,0
BRDA:28,4,0,0
BRDA:28,4,1,3
BRDA:40,5,0,3
BRDA:40,5,1,3
BRDA:53,6,0,3
BRDA:53,6,1,3
BRF:14
BRH:11
end_of_record
TN:
SF:/Users/mitchellhamilton/Projects/unique-class.macro/src/hash.js
FN:3,hashString
FN:7,hash
FN:53,UInt32
FN:62,UInt16
FN:66,Umul32
FNF:5
FNH:5
FNDA:3,hashString
FNDA:3,hash
FNDA:77,UInt32
FNDA:1,UInt16
FNDA:237,Umul32
DA:4,3
DA:8,3
DA:9,3
DA:10,3
DA:11,3
DA:12,3
DA:14,3
DA:15,77
DA:17,77
DA:18,77
DA:19,77
DA:21,77
DA:22,77
DA:24,77
DA:25,77
DA:28,3
DA:30,0
DA:31,0
DA:32,0
DA:33,0
DA:36,1
DA:37,1
DA:38,1
DA:41,2
DA:42,2
DA:43,2
DA:46,3
DA:47,3
DA:48,3
DA:50,3
DA:54,77
DA:63,1
DA:67,237
DA:68,237
DA:69,237
DA:70,237
DA:71,237
DA:72,237
LF:38
LH:34
BRDA:28,0,0,0
BRDA:28,0,1,1
BRDA:28,0,2,2
BRF:3
BRH:2
end_of_record
TN:
SF:/Users/mitchellhamilton/Projects/unique-class.macro/src/index.js
FN:7,(anonymous_0)
FN:9,(anonymous_1)
FN:12,(anonymous_2)
FN:38,(anonymous_3)
FN:43,(anonymous_4)
FNF:5
FNH:4
FNDA:3,(anonymous_0)
FNDA:3,(anonymous_1)
FNDA:3,(anonymous_2)
FNDA:0,(anonymous_3)
FNDA:3,(anonymous_4)
DA:4,1
DA:6,1
DA:8,3
DA:9,3
DA:10,3
DA:11,3
DA:12,3
DA:13,3
DA:14,3
DA:15,1
DA:16,1
DA:24,0
DA:29,2
DA:34,0
DA:38,0
DA:39,0
DA:43,3
LF:17
LH:13
BRDA:7,0,0,3
BRDA:11,1,0,3
BRDA:11,1,1,0
BRDA:13,2,0,3
BRDA:13,2,1,0
BRDA:14,3,0,1
BRDA:14,3,1,2
BRDA:15,4,0,1
BRDA:15,4,1,0
BRDA:30,5,0,2
BRDA:30,5,1,2
BRF:11
BRH:8
end_of_record
